<?xml version="1.0" encoding="UTF-8"?>
<!-- Generated by org.testng.reporters.JUnitXMLReporter -->
<testsuite ignored="9" hostname="MSI-C165" failures="0" tests="1" name="Default test" time="85.964" errors="0" timestamp="11 Dec 2019 13:26:36 GMT">
  <testcase classname="Asgard.LoginPage" name="GEditProfile" time="85.926"/>
  <testcase classname="Asgard.LoginPage" name="FEditBusiness" time="0.0">
    <ignored/>
  </testcase> <!-- FEditBusiness -->
  <testcase classname="Asgard.LoginPage" name="IAddCompetitor" time="0.0">
    <ignored/>
  </testcase> <!-- IAddCompetitor -->
  <testcase classname="Asgard.LoginPage" name="ECreateUser" time="0.0">
    <ignored/>
  </testcase> <!-- ECreateUser -->
  <testcase classname="Asgard.LoginPage" name="HEditUser" time="0.0">
    <ignored/>
  </testcase> <!-- HEditUser -->
  <testcase classname="Asgard.LoginPage" name="BLogout" time="0.0">
    <ignored/>
  </testcase> <!-- BLogout -->
  <testcase classname="Asgard.LoginPage" name="CCreateBusiness" time="0.0">
    <ignored/>
  </testcase> <!-- CCreateBusiness -->
  <testcase classname="Asgard.LoginPage" name="DCreateProfile" time="0.0">
    <ignored/>
  </testcase> <!-- DCreateProfile -->
  <testcase classname="Asgard.LoginPage" name="ALogin" time="0.0">
    <ignored/>
  </testcase> <!-- ALogin -->
  <testcase classname="Asgard.LoginPage" name="JDeleteCompetitor" time="0.0">
    <ignored/>
  </testcase> <!-- JDeleteCompetitor -->
</testsuite> <!-- Default test -->
