<?xml version="1.0" encoding="UTF-8"?>
<testng-results ignored="0" total="7" passed="0" failed="7" skipped="0">
  <reporter-output>
  </reporter-output>
  <suite started-at="2019-12-06T08:55:23Z" name="Default suite" finished-at="2019-12-06T08:55:23Z" duration-ms="72">
    <groups>
    </groups>
    <test started-at="2019-12-06T08:55:23Z" name="Default test" finished-at="2019-12-06T08:55:23Z" duration-ms="72">
      <class name="Asgard.LoginPage">
        <test-method signature="AddCompetitor(java.lang.String, java.lang.String, java.lang.String, java.lang.String, java.lang.String, java.lang.String, java.lang.String, java.lang.String, java.lang.String, java.lang.String, java.lang.String, java.lang.String)[pri:0, instance:Asgard.LoginPage@17c1bced]" started-at="2019-12-06T08:55:23Z" name="AddCompetitor" description="Verify that user is able add competitor" data-provider="getData" finished-at="2019-12-06T08:55:23Z" duration-ms="6" status="FAIL">
          <params>
            <param index="0">
              <value>
                <![CDATA[viral.p@milestoneinternet.com]]>
              </value>
            </param>
            <param index="1">
              <value>
                <![CDATA[New@1212]]>
              </value>
            </param>
            <param index="2">
              <value>
                <![CDATA[https://u-asgard.azurewebsites.net/account/login]]>
              </value>
            </param>
            <param index="3">
              <value>
                <![CDATA[https://u-asgard.azurewebsites.net/dashboard]]>
              </value>
            </param>
            <param index="4">
              <value>
                <![CDATA[New Business]]>
              </value>
            </param>
            <param index="5">
              <value>
                <![CDATA[14569877]]>
              </value>
            </param>
            <param index="6">
              <value>
                <![CDATA[New Hotel Los Gatos]]>
              </value>
            </param>
            <param index="7">
              <value>
                <![CDATA[Auto]]>
              </value>
            </param>
            <param index="8">
              <value>
                <![CDATA[mno@gmail.com]]>
              </value>
            </param>
            <param index="9">
              <value>
                <![CDATA[AutoFN]]>
              </value>
            </param>
            <param index="10">
              <value>
                <![CDATA[AutoLN]]>
              </value>
            </param>
            <param index="11">
              <value>
                <![CDATA[Accounting]]>
              </value>
            </param>
          </params>
          <exception class="java.io.FileNotFoundException">
            <message>
              <![CDATA[C:\Users\viral.p\Core\src\main\java\Asgard\data.properties (The system cannot find the path specified)]]>
            </message>
            <full-stacktrace>
              <![CDATA[java.io.FileNotFoundException: C:\Users\viral.p\Core\src\main\java\Asgard\data.properties (The system cannot find the path specified)
at java.base/java.io.FileInputStream.open0(Native Method)
at java.base/java.io.FileInputStream.open(FileInputStream.java:213)
at java.base/java.io.FileInputStream.<init>(FileInputStream.java:155)
at java.base/java.io.FileInputStream.<init>(FileInputStream.java:110)
at Asgard.base.initializeDriver(base.java:22)
at Asgard.LoginPage.AddCompetitor(LoginPage.java:167)
at java.base/jdk.internal.reflect.NativeMethodAccessorImpl.invoke0(Native Method)
at java.base/jdk.internal.reflect.NativeMethodAccessorImpl.invoke(NativeMethodAccessorImpl.java:62)
at java.base/jdk.internal.reflect.DelegatingMethodAccessorImpl.invoke(DelegatingMethodAccessorImpl.java:43)
at java.base/java.lang.reflect.Method.invoke(Method.java:567)
at org.testng.internal.MethodInvocationHelper.invokeMethod(MethodInvocationHelper.java:124)
at org.testng.internal.Invoker.invokeMethod(Invoker.java:583)
at org.testng.internal.Invoker.invokeTestMethod(Invoker.java:719)
at org.testng.internal.Invoker.invokeTestMethods(Invoker.java:989)
at org.testng.internal.TestMethodWorker.invokeTestMethods(TestMethodWorker.java:125)
at org.testng.internal.TestMethodWorker.run(TestMethodWorker.java:109)
at org.testng.TestRunner.privateRun(TestRunner.java:648)
at org.testng.TestRunner.run(TestRunner.java:505)
at org.testng.SuiteRunner.runTest(SuiteRunner.java:455)
at org.testng.SuiteRunner.runSequentially(SuiteRunner.java:450)
at org.testng.SuiteRunner.privateRun(SuiteRunner.java:415)
at org.testng.SuiteRunner.run(SuiteRunner.java:364)
at org.testng.SuiteRunnerWorker.runSuite(SuiteRunnerWorker.java:52)
at org.testng.SuiteRunnerWorker.run(SuiteRunnerWorker.java:84)
at org.testng.TestNG.runSuitesSequentially(TestNG.java:1208)
at org.testng.TestNG.runSuitesLocally(TestNG.java:1137)
at org.testng.TestNG.runSuites(TestNG.java:1049)
at org.testng.TestNG.run(TestNG.java:1017)
at org.testng.remote.AbstractRemoteTestNG.run(AbstractRemoteTestNG.java:115)
at org.testng.remote.RemoteTestNG.initAndRun(RemoteTestNG.java:251)
at org.testng.remote.RemoteTestNG.main(RemoteTestNG.java:77)
]]>
            </full-stacktrace>
          </exception> <!-- java.io.FileNotFoundException -->
          <reporter-output>
          </reporter-output>
        </test-method> <!-- AddCompetitor -->
        <test-method signature="CreateBusiness(java.lang.String, java.lang.String, java.lang.String, java.lang.String, java.lang.String, java.lang.String, java.lang.String, java.lang.String, java.lang.String, java.lang.String, java.lang.String, java.lang.String)[pri:0, instance:Asgard.LoginPage@17c1bced]" started-at="2019-12-06T08:55:23Z" name="CreateBusiness" description="Verify that user is able create business" data-provider="getData" finished-at="2019-12-06T08:55:23Z" duration-ms="2" status="FAIL">
          <params>
            <param index="0">
              <value>
                <![CDATA[viral.p@milestoneinternet.com]]>
              </value>
            </param>
            <param index="1">
              <value>
                <![CDATA[New@1212]]>
              </value>
            </param>
            <param index="2">
              <value>
                <![CDATA[https://u-asgard.azurewebsites.net/account/login]]>
              </value>
            </param>
            <param index="3">
              <value>
                <![CDATA[https://u-asgard.azurewebsites.net/dashboard]]>
              </value>
            </param>
            <param index="4">
              <value>
                <![CDATA[New Business]]>
              </value>
            </param>
            <param index="5">
              <value>
                <![CDATA[14569877]]>
              </value>
            </param>
            <param index="6">
              <value>
                <![CDATA[New Hotel Los Gatos]]>
              </value>
            </param>
            <param index="7">
              <value>
                <![CDATA[Auto]]>
              </value>
            </param>
            <param index="8">
              <value>
                <![CDATA[mno@gmail.com]]>
              </value>
            </param>
            <param index="9">
              <value>
                <![CDATA[AutoFN]]>
              </value>
            </param>
            <param index="10">
              <value>
                <![CDATA[AutoLN]]>
              </value>
            </param>
            <param index="11">
              <value>
                <![CDATA[Accounting]]>
              </value>
            </param>
          </params>
          <exception class="java.io.FileNotFoundException">
            <message>
              <![CDATA[C:\Users\viral.p\Core\src\main\java\Asgard\data.properties (The system cannot find the path specified)]]>
            </message>
            <full-stacktrace>
              <![CDATA[java.io.FileNotFoundException: C:\Users\viral.p\Core\src\main\java\Asgard\data.properties (The system cannot find the path specified)
at java.base/java.io.FileInputStream.open0(Native Method)
at java.base/java.io.FileInputStream.open(FileInputStream.java:213)
at java.base/java.io.FileInputStream.<init>(FileInputStream.java:155)
at java.base/java.io.FileInputStream.<init>(FileInputStream.java:110)
at Asgard.base.initializeDriver(base.java:22)
at Asgard.LoginPage.CreateBusiness(LoginPage.java:66)
at java.base/jdk.internal.reflect.NativeMethodAccessorImpl.invoke0(Native Method)
at java.base/jdk.internal.reflect.NativeMethodAccessorImpl.invoke(NativeMethodAccessorImpl.java:62)
at java.base/jdk.internal.reflect.DelegatingMethodAccessorImpl.invoke(DelegatingMethodAccessorImpl.java:43)
at java.base/java.lang.reflect.Method.invoke(Method.java:567)
at org.testng.internal.MethodInvocationHelper.invokeMethod(MethodInvocationHelper.java:124)
at org.testng.internal.Invoker.invokeMethod(Invoker.java:583)
at org.testng.internal.Invoker.invokeTestMethod(Invoker.java:719)
at org.testng.internal.Invoker.invokeTestMethods(Invoker.java:989)
at org.testng.internal.TestMethodWorker.invokeTestMethods(TestMethodWorker.java:125)
at org.testng.internal.TestMethodWorker.run(TestMethodWorker.java:109)
at org.testng.TestRunner.privateRun(TestRunner.java:648)
at org.testng.TestRunner.run(TestRunner.java:505)
at org.testng.SuiteRunner.runTest(SuiteRunner.java:455)
at org.testng.SuiteRunner.runSequentially(SuiteRunner.java:450)
at org.testng.SuiteRunner.privateRun(SuiteRunner.java:415)
at org.testng.SuiteRunner.run(SuiteRunner.java:364)
at org.testng.SuiteRunnerWorker.runSuite(SuiteRunnerWorker.java:52)
at org.testng.SuiteRunnerWorker.run(SuiteRunnerWorker.java:84)
at org.testng.TestNG.runSuitesSequentially(TestNG.java:1208)
at org.testng.TestNG.runSuitesLocally(TestNG.java:1137)
at org.testng.TestNG.runSuites(TestNG.java:1049)
at org.testng.TestNG.run(TestNG.java:1017)
at org.testng.remote.AbstractRemoteTestNG.run(AbstractRemoteTestNG.java:115)
at org.testng.remote.RemoteTestNG.initAndRun(RemoteTestNG.java:251)
at org.testng.remote.RemoteTestNG.main(RemoteTestNG.java:77)
]]>
            </full-stacktrace>
          </exception> <!-- java.io.FileNotFoundException -->
          <reporter-output>
          </reporter-output>
        </test-method> <!-- CreateBusiness -->
        <test-method signature="CreateProfile(java.lang.String, java.lang.String, java.lang.String, java.lang.String, java.lang.String, java.lang.String, java.lang.String, java.lang.String, java.lang.String, java.lang.String, java.lang.String, java.lang.String)[pri:0, instance:Asgard.LoginPage@17c1bced]" started-at="2019-12-06T08:55:23Z" name="CreateProfile" description="Verify that user is able create profile" data-provider="getData" finished-at="2019-12-06T08:55:23Z" duration-ms="9" status="FAIL">
          <params>
            <param index="0">
              <value>
                <![CDATA[viral.p@milestoneinternet.com]]>
              </value>
            </param>
            <param index="1">
              <value>
                <![CDATA[New@1212]]>
              </value>
            </param>
            <param index="2">
              <value>
                <![CDATA[https://u-asgard.azurewebsites.net/account/login]]>
              </value>
            </param>
            <param index="3">
              <value>
                <![CDATA[https://u-asgard.azurewebsites.net/dashboard]]>
              </value>
            </param>
            <param index="4">
              <value>
                <![CDATA[New Business]]>
              </value>
            </param>
            <param index="5">
              <value>
                <![CDATA[14569877]]>
              </value>
            </param>
            <param index="6">
              <value>
                <![CDATA[New Hotel Los Gatos]]>
              </value>
            </param>
            <param index="7">
              <value>
                <![CDATA[Auto]]>
              </value>
            </param>
            <param index="8">
              <value>
                <![CDATA[mno@gmail.com]]>
              </value>
            </param>
            <param index="9">
              <value>
                <![CDATA[AutoFN]]>
              </value>
            </param>
            <param index="10">
              <value>
                <![CDATA[AutoLN]]>
              </value>
            </param>
            <param index="11">
              <value>
                <![CDATA[Accounting]]>
              </value>
            </param>
          </params>
          <exception class="java.io.FileNotFoundException">
            <message>
              <![CDATA[C:\Users\viral.p\Core\src\main\java\Asgard\data.properties (The system cannot find the path specified)]]>
            </message>
            <full-stacktrace>
              <![CDATA[java.io.FileNotFoundException: C:\Users\viral.p\Core\src\main\java\Asgard\data.properties (The system cannot find the path specified)
at java.base/java.io.FileInputStream.open0(Native Method)
at java.base/java.io.FileInputStream.open(FileInputStream.java:213)
at java.base/java.io.FileInputStream.<init>(FileInputStream.java:155)
at java.base/java.io.FileInputStream.<init>(FileInputStream.java:110)
at Asgard.base.initializeDriver(base.java:22)
at Asgard.LoginPage.CreateProfile(LoginPage.java:96)
at java.base/jdk.internal.reflect.NativeMethodAccessorImpl.invoke0(Native Method)
at java.base/jdk.internal.reflect.NativeMethodAccessorImpl.invoke(NativeMethodAccessorImpl.java:62)
at java.base/jdk.internal.reflect.DelegatingMethodAccessorImpl.invoke(DelegatingMethodAccessorImpl.java:43)
at java.base/java.lang.reflect.Method.invoke(Method.java:567)
at org.testng.internal.MethodInvocationHelper.invokeMethod(MethodInvocationHelper.java:124)
at org.testng.internal.Invoker.invokeMethod(Invoker.java:583)
at org.testng.internal.Invoker.invokeTestMethod(Invoker.java:719)
at org.testng.internal.Invoker.invokeTestMethods(Invoker.java:989)
at org.testng.internal.TestMethodWorker.invokeTestMethods(TestMethodWorker.java:125)
at org.testng.internal.TestMethodWorker.run(TestMethodWorker.java:109)
at org.testng.TestRunner.privateRun(TestRunner.java:648)
at org.testng.TestRunner.run(TestRunner.java:505)
at org.testng.SuiteRunner.runTest(SuiteRunner.java:455)
at org.testng.SuiteRunner.runSequentially(SuiteRunner.java:450)
at org.testng.SuiteRunner.privateRun(SuiteRunner.java:415)
at org.testng.SuiteRunner.run(SuiteRunner.java:364)
at org.testng.SuiteRunnerWorker.runSuite(SuiteRunnerWorker.java:52)
at org.testng.SuiteRunnerWorker.run(SuiteRunnerWorker.java:84)
at org.testng.TestNG.runSuitesSequentially(TestNG.java:1208)
at org.testng.TestNG.runSuitesLocally(TestNG.java:1137)
at org.testng.TestNG.runSuites(TestNG.java:1049)
at org.testng.TestNG.run(TestNG.java:1017)
at org.testng.remote.AbstractRemoteTestNG.run(AbstractRemoteTestNG.java:115)
at org.testng.remote.RemoteTestNG.initAndRun(RemoteTestNG.java:251)
at org.testng.remote.RemoteTestNG.main(RemoteTestNG.java:77)
]]>
            </full-stacktrace>
          </exception> <!-- java.io.FileNotFoundException -->
          <reporter-output>
          </reporter-output>
        </test-method> <!-- CreateProfile -->
        <test-method signature="CreateUser(java.lang.String, java.lang.String, java.lang.String, java.lang.String, java.lang.String, java.lang.String, java.lang.String, java.lang.String, java.lang.String, java.lang.String, java.lang.String, java.lang.String)[pri:0, instance:Asgard.LoginPage@17c1bced]" started-at="2019-12-06T08:55:23Z" name="CreateUser" description="Verify that user is able create user" data-provider="getData" finished-at="2019-12-06T08:55:23Z" duration-ms="4" status="FAIL">
          <params>
            <param index="0">
              <value>
                <![CDATA[viral.p@milestoneinternet.com]]>
              </value>
            </param>
            <param index="1">
              <value>
                <![CDATA[New@1212]]>
              </value>
            </param>
            <param index="2">
              <value>
                <![CDATA[https://u-asgard.azurewebsites.net/account/login]]>
              </value>
            </param>
            <param index="3">
              <value>
                <![CDATA[https://u-asgard.azurewebsites.net/dashboard]]>
              </value>
            </param>
            <param index="4">
              <value>
                <![CDATA[New Business]]>
              </value>
            </param>
            <param index="5">
              <value>
                <![CDATA[14569877]]>
              </value>
            </param>
            <param index="6">
              <value>
                <![CDATA[New Hotel Los Gatos]]>
              </value>
            </param>
            <param index="7">
              <value>
                <![CDATA[Auto]]>
              </value>
            </param>
            <param index="8">
              <value>
                <![CDATA[mno@gmail.com]]>
              </value>
            </param>
            <param index="9">
              <value>
                <![CDATA[AutoFN]]>
              </value>
            </param>
            <param index="10">
              <value>
                <![CDATA[AutoLN]]>
              </value>
            </param>
            <param index="11">
              <value>
                <![CDATA[Accounting]]>
              </value>
            </param>
          </params>
          <exception class="java.io.FileNotFoundException">
            <message>
              <![CDATA[C:\Users\viral.p\Core\src\main\java\Asgard\data.properties (The system cannot find the path specified)]]>
            </message>
            <full-stacktrace>
              <![CDATA[java.io.FileNotFoundException: C:\Users\viral.p\Core\src\main\java\Asgard\data.properties (The system cannot find the path specified)
at java.base/java.io.FileInputStream.open0(Native Method)
at java.base/java.io.FileInputStream.open(FileInputStream.java:213)
at java.base/java.io.FileInputStream.<init>(FileInputStream.java:155)
at java.base/java.io.FileInputStream.<init>(FileInputStream.java:110)
at Asgard.base.initializeDriver(base.java:22)
at Asgard.LoginPage.CreateUser(LoginPage.java:127)
at java.base/jdk.internal.reflect.NativeMethodAccessorImpl.invoke0(Native Method)
at java.base/jdk.internal.reflect.NativeMethodAccessorImpl.invoke(NativeMethodAccessorImpl.java:62)
at java.base/jdk.internal.reflect.DelegatingMethodAccessorImpl.invoke(DelegatingMethodAccessorImpl.java:43)
at java.base/java.lang.reflect.Method.invoke(Method.java:567)
at org.testng.internal.MethodInvocationHelper.invokeMethod(MethodInvocationHelper.java:124)
at org.testng.internal.Invoker.invokeMethod(Invoker.java:583)
at org.testng.internal.Invoker.invokeTestMethod(Invoker.java:719)
at org.testng.internal.Invoker.invokeTestMethods(Invoker.java:989)
at org.testng.internal.TestMethodWorker.invokeTestMethods(TestMethodWorker.java:125)
at org.testng.internal.TestMethodWorker.run(TestMethodWorker.java:109)
at org.testng.TestRunner.privateRun(TestRunner.java:648)
at org.testng.TestRunner.run(TestRunner.java:505)
at org.testng.SuiteRunner.runTest(SuiteRunner.java:455)
at org.testng.SuiteRunner.runSequentially(SuiteRunner.java:450)
at org.testng.SuiteRunner.privateRun(SuiteRunner.java:415)
at org.testng.SuiteRunner.run(SuiteRunner.java:364)
at org.testng.SuiteRunnerWorker.runSuite(SuiteRunnerWorker.java:52)
at org.testng.SuiteRunnerWorker.run(SuiteRunnerWorker.java:84)
at org.testng.TestNG.runSuitesSequentially(TestNG.java:1208)
at org.testng.TestNG.runSuitesLocally(TestNG.java:1137)
at org.testng.TestNG.runSuites(TestNG.java:1049)
at org.testng.TestNG.run(TestNG.java:1017)
at org.testng.remote.AbstractRemoteTestNG.run(AbstractRemoteTestNG.java:115)
at org.testng.remote.RemoteTestNG.initAndRun(RemoteTestNG.java:251)
at org.testng.remote.RemoteTestNG.main(RemoteTestNG.java:77)
]]>
            </full-stacktrace>
          </exception> <!-- java.io.FileNotFoundException -->
          <reporter-output>
          </reporter-output>
        </test-method> <!-- CreateUser -->
        <test-method signature="EditProfile(java.lang.String, java.lang.String, java.lang.String, java.lang.String, java.lang.String, java.lang.String, java.lang.String, java.lang.String, java.lang.String, java.lang.String, java.lang.String, java.lang.String)[pri:0, instance:Asgard.LoginPage@17c1bced]" started-at="2019-12-06T08:55:23Z" name="EditProfile" description="Verify that user is able edit profile" data-provider="getData" finished-at="2019-12-06T08:55:23Z" duration-ms="2" status="FAIL">
          <params>
            <param index="0">
              <value>
                <![CDATA[viral.p@milestoneinternet.com]]>
              </value>
            </param>
            <param index="1">
              <value>
                <![CDATA[New@1212]]>
              </value>
            </param>
            <param index="2">
              <value>
                <![CDATA[https://u-asgard.azurewebsites.net/account/login]]>
              </value>
            </param>
            <param index="3">
              <value>
                <![CDATA[https://u-asgard.azurewebsites.net/dashboard]]>
              </value>
            </param>
            <param index="4">
              <value>
                <![CDATA[New Business]]>
              </value>
            </param>
            <param index="5">
              <value>
                <![CDATA[14569877]]>
              </value>
            </param>
            <param index="6">
              <value>
                <![CDATA[New Hotel Los Gatos]]>
              </value>
            </param>
            <param index="7">
              <value>
                <![CDATA[Auto]]>
              </value>
            </param>
            <param index="8">
              <value>
                <![CDATA[mno@gmail.com]]>
              </value>
            </param>
            <param index="9">
              <value>
                <![CDATA[AutoFN]]>
              </value>
            </param>
            <param index="10">
              <value>
                <![CDATA[AutoLN]]>
              </value>
            </param>
            <param index="11">
              <value>
                <![CDATA[Accounting]]>
              </value>
            </param>
          </params>
          <exception class="java.io.FileNotFoundException">
            <message>
              <![CDATA[C:\Users\viral.p\Core\src\main\java\Asgard\data.properties (The system cannot find the path specified)]]>
            </message>
            <full-stacktrace>
              <![CDATA[java.io.FileNotFoundException: C:\Users\viral.p\Core\src\main\java\Asgard\data.properties (The system cannot find the path specified)
at java.base/java.io.FileInputStream.open0(Native Method)
at java.base/java.io.FileInputStream.open(FileInputStream.java:213)
at java.base/java.io.FileInputStream.<init>(FileInputStream.java:155)
at java.base/java.io.FileInputStream.<init>(FileInputStream.java:110)
at Asgard.base.initializeDriver(base.java:22)
at Asgard.LoginPage.EditProfile(LoginPage.java:224)
at java.base/jdk.internal.reflect.NativeMethodAccessorImpl.invoke0(Native Method)
at java.base/jdk.internal.reflect.NativeMethodAccessorImpl.invoke(NativeMethodAccessorImpl.java:62)
at java.base/jdk.internal.reflect.DelegatingMethodAccessorImpl.invoke(DelegatingMethodAccessorImpl.java:43)
at java.base/java.lang.reflect.Method.invoke(Method.java:567)
at org.testng.internal.MethodInvocationHelper.invokeMethod(MethodInvocationHelper.java:124)
at org.testng.internal.Invoker.invokeMethod(Invoker.java:583)
at org.testng.internal.Invoker.invokeTestMethod(Invoker.java:719)
at org.testng.internal.Invoker.invokeTestMethods(Invoker.java:989)
at org.testng.internal.TestMethodWorker.invokeTestMethods(TestMethodWorker.java:125)
at org.testng.internal.TestMethodWorker.run(TestMethodWorker.java:109)
at org.testng.TestRunner.privateRun(TestRunner.java:648)
at org.testng.TestRunner.run(TestRunner.java:505)
at org.testng.SuiteRunner.runTest(SuiteRunner.java:455)
at org.testng.SuiteRunner.runSequentially(SuiteRunner.java:450)
at org.testng.SuiteRunner.privateRun(SuiteRunner.java:415)
at org.testng.SuiteRunner.run(SuiteRunner.java:364)
at org.testng.SuiteRunnerWorker.runSuite(SuiteRunnerWorker.java:52)
at org.testng.SuiteRunnerWorker.run(SuiteRunnerWorker.java:84)
at org.testng.TestNG.runSuitesSequentially(TestNG.java:1208)
at org.testng.TestNG.runSuitesLocally(TestNG.java:1137)
at org.testng.TestNG.runSuites(TestNG.java:1049)
at org.testng.TestNG.run(TestNG.java:1017)
at org.testng.remote.AbstractRemoteTestNG.run(AbstractRemoteTestNG.java:115)
at org.testng.remote.RemoteTestNG.initAndRun(RemoteTestNG.java:251)
at org.testng.remote.RemoteTestNG.main(RemoteTestNG.java:77)
]]>
            </full-stacktrace>
          </exception> <!-- java.io.FileNotFoundException -->
          <reporter-output>
          </reporter-output>
        </test-method> <!-- EditProfile -->
        <test-method signature="Login(java.lang.String, java.lang.String, java.lang.String, java.lang.String, java.lang.String, java.lang.String, java.lang.String, java.lang.String, java.lang.String, java.lang.String, java.lang.String, java.lang.String)[pri:0, instance:Asgard.LoginPage@17c1bced]" started-at="2019-12-06T08:55:23Z" name="Login" description="Verify that user is able to login to Asgard with valid credentials" data-provider="getData" finished-at="2019-12-06T08:55:23Z" duration-ms="1" status="FAIL">
          <params>
            <param index="0">
              <value>
                <![CDATA[viral.p@milestoneinternet.com]]>
              </value>
            </param>
            <param index="1">
              <value>
                <![CDATA[New@1212]]>
              </value>
            </param>
            <param index="2">
              <value>
                <![CDATA[https://u-asgard.azurewebsites.net/account/login]]>
              </value>
            </param>
            <param index="3">
              <value>
                <![CDATA[https://u-asgard.azurewebsites.net/dashboard]]>
              </value>
            </param>
            <param index="4">
              <value>
                <![CDATA[New Business]]>
              </value>
            </param>
            <param index="5">
              <value>
                <![CDATA[14569877]]>
              </value>
            </param>
            <param index="6">
              <value>
                <![CDATA[New Hotel Los Gatos]]>
              </value>
            </param>
            <param index="7">
              <value>
                <![CDATA[Auto]]>
              </value>
            </param>
            <param index="8">
              <value>
                <![CDATA[mno@gmail.com]]>
              </value>
            </param>
            <param index="9">
              <value>
                <![CDATA[AutoFN]]>
              </value>
            </param>
            <param index="10">
              <value>
                <![CDATA[AutoLN]]>
              </value>
            </param>
            <param index="11">
              <value>
                <![CDATA[Accounting]]>
              </value>
            </param>
          </params>
          <exception class="java.io.FileNotFoundException">
            <message>
              <![CDATA[C:\Users\viral.p\Core\src\main\java\Asgard\data.properties (The system cannot find the path specified)]]>
            </message>
            <full-stacktrace>
              <![CDATA[java.io.FileNotFoundException: C:\Users\viral.p\Core\src\main\java\Asgard\data.properties (The system cannot find the path specified)
at java.base/java.io.FileInputStream.open0(Native Method)
at java.base/java.io.FileInputStream.open(FileInputStream.java:213)
at java.base/java.io.FileInputStream.<init>(FileInputStream.java:155)
at java.base/java.io.FileInputStream.<init>(FileInputStream.java:110)
at Asgard.base.initializeDriver(base.java:22)
at Asgard.LoginPage.Login(LoginPage.java:25)
at java.base/jdk.internal.reflect.NativeMethodAccessorImpl.invoke0(Native Method)
at java.base/jdk.internal.reflect.NativeMethodAccessorImpl.invoke(NativeMethodAccessorImpl.java:62)
at java.base/jdk.internal.reflect.DelegatingMethodAccessorImpl.invoke(DelegatingMethodAccessorImpl.java:43)
at java.base/java.lang.reflect.Method.invoke(Method.java:567)
at org.testng.internal.MethodInvocationHelper.invokeMethod(MethodInvocationHelper.java:124)
at org.testng.internal.Invoker.invokeMethod(Invoker.java:583)
at org.testng.internal.Invoker.invokeTestMethod(Invoker.java:719)
at org.testng.internal.Invoker.invokeTestMethods(Invoker.java:989)
at org.testng.internal.TestMethodWorker.invokeTestMethods(TestMethodWorker.java:125)
at org.testng.internal.TestMethodWorker.run(TestMethodWorker.java:109)
at org.testng.TestRunner.privateRun(TestRunner.java:648)
at org.testng.TestRunner.run(TestRunner.java:505)
at org.testng.SuiteRunner.runTest(SuiteRunner.java:455)
at org.testng.SuiteRunner.runSequentially(SuiteRunner.java:450)
at org.testng.SuiteRunner.privateRun(SuiteRunner.java:415)
at org.testng.SuiteRunner.run(SuiteRunner.java:364)
at org.testng.SuiteRunnerWorker.runSuite(SuiteRunnerWorker.java:52)
at org.testng.SuiteRunnerWorker.run(SuiteRunnerWorker.java:84)
at org.testng.TestNG.runSuitesSequentially(TestNG.java:1208)
at org.testng.TestNG.runSuitesLocally(TestNG.java:1137)
at org.testng.TestNG.runSuites(TestNG.java:1049)
at org.testng.TestNG.run(TestNG.java:1017)
at org.testng.remote.AbstractRemoteTestNG.run(AbstractRemoteTestNG.java:115)
at org.testng.remote.RemoteTestNG.initAndRun(RemoteTestNG.java:251)
at org.testng.remote.RemoteTestNG.main(RemoteTestNG.java:77)
]]>
            </full-stacktrace>
          </exception> <!-- java.io.FileNotFoundException -->
          <reporter-output>
          </reporter-output>
        </test-method> <!-- Login -->
        <test-method signature="Logout(java.lang.String, java.lang.String, java.lang.String, java.lang.String, java.lang.String, java.lang.String, java.lang.String, java.lang.String, java.lang.String, java.lang.String, java.lang.String, java.lang.String)[pri:0, instance:Asgard.LoginPage@17c1bced]" started-at="2019-12-06T08:55:23Z" name="Logout" description="Verify that user is able to Logout correctly" data-provider="getData" finished-at="2019-12-06T08:55:23Z" duration-ms="3" status="FAIL">
          <params>
            <param index="0">
              <value>
                <![CDATA[viral.p@milestoneinternet.com]]>
              </value>
            </param>
            <param index="1">
              <value>
                <![CDATA[New@1212]]>
              </value>
            </param>
            <param index="2">
              <value>
                <![CDATA[https://u-asgard.azurewebsites.net/account/login]]>
              </value>
            </param>
            <param index="3">
              <value>
                <![CDATA[https://u-asgard.azurewebsites.net/dashboard]]>
              </value>
            </param>
            <param index="4">
              <value>
                <![CDATA[New Business]]>
              </value>
            </param>
            <param index="5">
              <value>
                <![CDATA[14569877]]>
              </value>
            </param>
            <param index="6">
              <value>
                <![CDATA[New Hotel Los Gatos]]>
              </value>
            </param>
            <param index="7">
              <value>
                <![CDATA[Auto]]>
              </value>
            </param>
            <param index="8">
              <value>
                <![CDATA[mno@gmail.com]]>
              </value>
            </param>
            <param index="9">
              <value>
                <![CDATA[AutoFN]]>
              </value>
            </param>
            <param index="10">
              <value>
                <![CDATA[AutoLN]]>
              </value>
            </param>
            <param index="11">
              <value>
                <![CDATA[Accounting]]>
              </value>
            </param>
          </params>
          <exception class="java.io.FileNotFoundException">
            <message>
              <![CDATA[C:\Users\viral.p\Core\src\main\java\Asgard\data.properties (The system cannot find the path specified)]]>
            </message>
            <full-stacktrace>
              <![CDATA[java.io.FileNotFoundException: C:\Users\viral.p\Core\src\main\java\Asgard\data.properties (The system cannot find the path specified)
at java.base/java.io.FileInputStream.open0(Native Method)
at java.base/java.io.FileInputStream.open(FileInputStream.java:213)
at java.base/java.io.FileInputStream.<init>(FileInputStream.java:155)
at java.base/java.io.FileInputStream.<init>(FileInputStream.java:110)
at Asgard.base.initializeDriver(base.java:22)
at Asgard.LoginPage.Logout(LoginPage.java:42)
at java.base/jdk.internal.reflect.NativeMethodAccessorImpl.invoke0(Native Method)
at java.base/jdk.internal.reflect.NativeMethodAccessorImpl.invoke(NativeMethodAccessorImpl.java:62)
at java.base/jdk.internal.reflect.DelegatingMethodAccessorImpl.invoke(DelegatingMethodAccessorImpl.java:43)
at java.base/java.lang.reflect.Method.invoke(Method.java:567)
at org.testng.internal.MethodInvocationHelper.invokeMethod(MethodInvocationHelper.java:124)
at org.testng.internal.Invoker.invokeMethod(Invoker.java:583)
at org.testng.internal.Invoker.invokeTestMethod(Invoker.java:719)
at org.testng.internal.Invoker.invokeTestMethods(Invoker.java:989)
at org.testng.internal.TestMethodWorker.invokeTestMethods(TestMethodWorker.java:125)
at org.testng.internal.TestMethodWorker.run(TestMethodWorker.java:109)
at org.testng.TestRunner.privateRun(TestRunner.java:648)
at org.testng.TestRunner.run(TestRunner.java:505)
at org.testng.SuiteRunner.runTest(SuiteRunner.java:455)
at org.testng.SuiteRunner.runSequentially(SuiteRunner.java:450)
at org.testng.SuiteRunner.privateRun(SuiteRunner.java:415)
at org.testng.SuiteRunner.run(SuiteRunner.java:364)
at org.testng.SuiteRunnerWorker.runSuite(SuiteRunnerWorker.java:52)
at org.testng.SuiteRunnerWorker.run(SuiteRunnerWorker.java:84)
at org.testng.TestNG.runSuitesSequentially(TestNG.java:1208)
at org.testng.TestNG.runSuitesLocally(TestNG.java:1137)
at org.testng.TestNG.runSuites(TestNG.java:1049)
at org.testng.TestNG.run(TestNG.java:1017)
at org.testng.remote.AbstractRemoteTestNG.run(AbstractRemoteTestNG.java:115)
at org.testng.remote.RemoteTestNG.initAndRun(RemoteTestNG.java:251)
at org.testng.remote.RemoteTestNG.main(RemoteTestNG.java:77)
]]>
            </full-stacktrace>
          </exception> <!-- java.io.FileNotFoundException -->
          <reporter-output>
          </reporter-output>
        </test-method> <!-- Logout -->
      </class> <!-- Asgard.LoginPage -->
    </test> <!-- Default test -->
  </suite> <!-- Default suite -->
</testng-results>
